Build started 15/04/2016 22:33:00.
     1>Project "C:\Users\Decland\documents\visual studio 2013\Projects\TitanWars\TitanWars\TitanWars.vcxproj" on node 2 (Build target(s)).
     1>ClCompile:
         C:\Program Files (x86)\Microsoft Visual Studio 12.0\VC\bin\CL.exe /c /I./ /I"C:\SFML-2.3.2\include" /ZI /nologo /W3 /WX- /sdl /Od /Oy- /D WIN32 /D _DEBUG /D _CONSOLE /D _LIB /D _UNICODE /D UNICODE /Gm /EHsc /RTC1 /MDd /GS /fp:precise /Zc:wchar_t /Zc:forScope /Yu"stdafx.h" /Fp"Debug\TitanWars.pch" /Fo"Debug\\" /Fd"Debug\vc120.pdb" /Gd /TP /analyze- /errorReport:prompt Player.cpp
         Player.cpp
     1>c:\users\decland\documents\visual studio 2013\projects\titanwars\titanwars\player.cpp(31): warning C4101: 'rocket' : unreferenced local variable
     1>c:\users\decland\documents\visual studio 2013\projects\titanwars\titanwars\player.cpp(245): warning C4244: 'argument' : conversion from 'int' to 'float', possible loss of data
       Link:
         C:\Program Files (x86)\Microsoft Visual Studio 12.0\VC\bin\link.exe /ERRORREPORT:PROMPT /OUT:"C:\Users\Decland\documents\visual studio 2013\Projects\TitanWars\Debug\TitanWars.exe" /INCREMENTAL /NOLOGO /LIBPATH:./lib /LIBPATH:"C:\SFML-2.3.2\lib" Box2D.lib kernel32.lib user32.lib gdi32.lib winspool.lib comdlg32.lib advapi32.lib shell32.lib ole32.lib oleaut32.lib uuid.lib odbc32.lib odbccp32.lib /MANIFEST /MANIFESTUAC:"level='asInvoker' uiAccess='false'" /manifest:embed /DEBUG /PDB:"C:\Users\Decland\documents\visual studio 2013\Projects\TitanWars\Debug\TitanWars.pdb" /SUBSYSTEM:CONSOLE /TLBID:1 /DYNAMICBASE /NXCOMPAT /IMPLIB:"C:\Users\Decland\documents\visual studio 2013\Projects\TitanWars\Debug\TitanWars.lib" /MACHINE:X86 Debug\Block.obj
         Debug\BlockManager.obj
         Debug\BodyDestroyer.obj
         Debug\Level.obj
         Debug\Player.obj
         Debug\Player2.obj
         Debug\PlayerManager.obj
         Debug\Rocket.obj
         Debug\stdafx.obj
         Debug\TitanWars.obj
         Debug\WeaponManager.obj
         lib\Box2D.lib
     1>LINK : fatal error LNK1104: cannot open file 'C:\Users\Decland\documents\visual studio 2013\Projects\TitanWars\Debug\TitanWars.ilk'
     1>Done Building Project "C:\Users\Decland\documents\visual studio 2013\Projects\TitanWars\TitanWars\TitanWars.vcxproj" (Build target(s)) -- FAILED.

Build FAILED.

Time Elapsed 00:00:01.23
