c:\users\decland\desktop\titanwars\titanwars\release\titanwars.pch
c:\users\decland\desktop\titanwars\titanwars\release\vc120.pdb
c:\users\decland\desktop\titanwars\titanwars\release\stdafx.obj
c:\users\decland\desktop\titanwars\titanwars\release\weaponmanager.obj
c:\users\decland\desktop\titanwars\titanwars\release\titanwars.obj
c:\users\decland\desktop\titanwars\titanwars\release\soundmanager.obj
c:\users\decland\desktop\titanwars\titanwars\release\rocket.obj
c:\users\decland\desktop\titanwars\titanwars\release\rifle.obj
c:\users\decland\desktop\titanwars\titanwars\release\playermanager.obj
c:\users\decland\desktop\titanwars\titanwars\release\player2.obj
c:\users\decland\desktop\titanwars\titanwars\release\player.obj
c:\users\decland\desktop\titanwars\titanwars\release\level.obj
c:\users\decland\desktop\titanwars\titanwars\release\explosion.obj
c:\users\decland\desktop\titanwars\titanwars\release\effectsmanager.obj
c:\users\decland\desktop\titanwars\titanwars\release\car.obj
c:\users\decland\desktop\titanwars\titanwars\release\bodydestroyer.obj
c:\users\decland\desktop\titanwars\titanwars\release\blockmanager.obj
c:\users\decland\desktop\titanwars\titanwars\release\block.obj
c:\users\decland\desktop\titanwars\release\titanwars.exe
c:\users\decland\desktop\titanwars\release\titanwars.pdb
c:\users\decland\desktop\titanwars\titanwars\release\titanwars.tlog\cl.command.1.tlog
c:\users\decland\desktop\titanwars\titanwars\release\titanwars.tlog\cl.read.1.tlog
c:\users\decland\desktop\titanwars\titanwars\release\titanwars.tlog\cl.write.1.tlog
c:\users\decland\desktop\titanwars\titanwars\release\titanwars.tlog\link.command.1.tlog
c:\users\decland\desktop\titanwars\titanwars\release\titanwars.tlog\link.read.1.tlog
c:\users\decland\desktop\titanwars\titanwars\release\titanwars.tlog\link.write.1.tlog
