Build started 21/11/2016 15:47:01.
     1>Project "C:\Users\Decland\Desktop\TitanWars\TitanWars\TitanWars.vcxproj" on node 2 (Build target(s)).
     1>ClCompile:
         C:\Program Files (x86)\Microsoft Visual Studio 12.0\VC\bin\CL.exe /c /I./ /I"C:\SFML-2.3.2\include" /Zi /nologo /W3 /WX- /sdl /O2 /Oi /Oy- /GL /D WIN32 /D NDEBUG /D _CONSOLE /D _LIB /D _UNICODE /D UNICODE /Gm- /EHsc /MD /GS /Gy /fp:precise /Zc:wchar_t /Zc:forScope /Yc"stdafx.h" /Fp"Release\TitanWars.pch" /Fo"Release\\" /Fd"Release\vc120.pdb" /Gd /TP /analyze- /errorReport:prompt stdafx.cpp
         stdafx.cpp
         C:\Program Files (x86)\Microsoft Visual Studio 12.0\VC\bin\CL.exe /c /I./ /I"C:\SFML-2.3.2\include" /Zi /nologo /W3 /WX- /sdl /O2 /Oi /Oy- /GL /D WIN32 /D NDEBUG /D _CONSOLE /D _LIB /D _UNICODE /D UNICODE /Gm- /EHsc /MD /GS /Gy /fp:precise /Zc:wchar_t /Zc:forScope /Yu"stdafx.h" /Fp"Release\TitanWars.pch" /Fo"Release\\" /Fd"Release\vc120.pdb" /Gd /TP /analyze- /errorReport:prompt Block.cpp BlockManager.cpp BodyDestroyer.cpp Car.cpp EffectsManager.cpp Explosion.cpp Level.cpp Player.cpp Player2.cpp PlayerManager.cpp Rifle.cpp Rocket.cpp SoundManager.cpp TitanWars.cpp WeaponManager.cpp
         Block.cpp
         BlockManager.cpp
     1>BlockManager.cpp(36): warning C4244: 'argument' : conversion from 'int' to 'float32', possible loss of data
         BodyDestroyer.cpp
         Car.cpp
     1>Car.cpp(27): warning C4244: '=' : conversion from 'int' to 'float32', possible loss of data
     1>Car.cpp(46): warning C4244: 'argument' : conversion from 'double' to 'float32', possible loss of data
     1>Car.cpp(48): warning C4244: 'argument' : conversion from 'double' to 'float32', possible loss of data
         EffectsManager.cpp
     1>EffectsManager.cpp(33): warning C4018: '<' : signed/unsigned mismatch
     1>EffectsManager.cpp(42): warning C4018: '<' : signed/unsigned mismatch
     1>EffectsManager.cpp(52): warning C4018: '<' : signed/unsigned mismatch
         Explosion.cpp
         Level.cpp
     1>Level.cpp(74): warning C4244: 'argument' : conversion from 'const int' to 'float', possible loss of data
         Player.cpp
     1>Player.cpp(324): warning C4101: 'event' : unreferenced local variable
         Player2.cpp
     1>Player2.cpp(291): warning C4101: 'Event' : unreferenced local variable
         PlayerManager.cpp
         Rifle.cpp
     1>Rifle.cpp(27): warning C4244: '=' : conversion from 'int' to 'float32', possible loss of data
     1>Rifle.cpp(54): warning C4244: 'argument' : conversion from 'double' to 'float32', possible loss of data
     1>Rifle.cpp(56): warning C4244: 'argument' : conversion from 'double' to 'float32', possible loss of data
         Rocket.cpp
     1>Rocket.cpp(27): warning C4244: '=' : conversion from 'int' to 'float32', possible loss of data
     1>Rocket.cpp(58): warning C4244: 'argument' : conversion from 'double' to 'float32', possible loss of data
     1>Rocket.cpp(60): warning C4244: 'argument' : conversion from 'double' to 'float32', possible loss of data
     1>Rocket.cpp(150): warning C4244: 'argument' : conversion from 'double' to 'float32', possible loss of data
     1>Rocket.cpp(152): warning C4244: 'argument' : conversion from 'double' to 'float32', possible loss of data
         SoundManager.cpp
         TitanWars.cpp
     1>c:\users\decland\desktop\titanwars\titanwars\Game.h(189): warning C4244: 'initializing' : conversion from 'float' to 'int', possible loss of data
     1>c:\users\decland\desktop\titanwars\titanwars\Game.h(227): warning C4244: 'initializing' : conversion from 'float' to 'int', possible loss of data
     1>c:\users\decland\desktop\titanwars\titanwars\Game.h(228): warning C4244: 'initializing' : conversion from 'float' to 'int', possible loss of data
     1>c:\users\decland\desktop\titanwars\titanwars\Game.h(280): warning C4018: '>' : signed/unsigned mismatch
     1>c:\users\decland\desktop\titanwars\titanwars\Game.h(289): warning C4018: '>' : signed/unsigned mismatch
     1>c:\users\decland\desktop\titanwars\titanwars\Game.h(300): warning C4018: '>' : signed/unsigned mismatch
     1>c:\users\decland\desktop\titanwars\titanwars\Game.h(309): warning C4018: '>' : signed/unsigned mismatch
     1>c:\users\decland\desktop\titanwars\titanwars\Game.h(320): warning C4018: '>' : signed/unsigned mismatch
     1>c:\users\decland\desktop\titanwars\titanwars\Game.h(329): warning C4018: '>' : signed/unsigned mismatch
     1>TitanWars.cpp(39): warning C4244: 'argument' : conversion from 'time_t' to 'unsigned int', possible loss of data
         WeaponManager.cpp
       Link:
         C:\Program Files (x86)\Microsoft Visual Studio 12.0\VC\bin\link.exe /ERRORREPORT:PROMPT /OUT:"C:\Users\Decland\Desktop\TitanWars\Release\TitanWars.exe" /INCREMENTAL:NO /NOLOGO /LIBPATH:./lib /LIBPATH:"C:\SFML-2.3.2\lib" C:\Users\Decland\Desktop\TitanWars\Release\Box2D.lib kernel32.lib user32.lib gdi32.lib winspool.lib comdlg32.lib advapi32.lib shell32.lib ole32.lib oleaut32.lib uuid.lib odbc32.lib odbccp32.lib /MANIFEST /MANIFESTUAC:"level='asInvoker' uiAccess='false'" /manifest:embed /DEBUG /PDB:"C:\Users\Decland\Desktop\TitanWars\Release\TitanWars.pdb" /SUBSYSTEM:CONSOLE /OPT:REF /OPT:ICF /LTCG /TLBID:1 /DYNAMICBASE /NXCOMPAT /IMPLIB:"C:\Users\Decland\Desktop\TitanWars\Release\TitanWars.lib" /MACHINE:X86 /SAFESEH Release\Block.obj
         Release\BlockManager.obj
         Release\BodyDestroyer.obj
         Release\Car.obj
         Release\EffectsManager.obj
         Release\Explosion.obj
         Release\Level.obj
         Release\Player.obj
         Release\Player2.obj
         Release\PlayerManager.obj
         Release\Rifle.obj
         Release\Rocket.obj
         Release\SoundManager.obj
         Release\stdafx.obj
         Release\TitanWars.obj
         Release\WeaponManager.obj
         lib\Box2D.lib
         Generating code
     1>c:\users\decland\desktop\titanwars\titanwars\howtoplay.h(135): warning C4715: 'HowToPlay::Run' : not all control paths return a value
     1>c:\users\decland\desktop\titanwars\titanwars\levelselect.h(188): warning C4715: 'LevelSelect::Run' : not all control paths return a value
     1>c:\users\decland\desktop\titanwars\titanwars\characterselect.h(223): warning C4715: 'CharacterSelect::Run' : not all control paths return a value
     1>c:\users\decland\desktop\titanwars\titanwars\menu.h(232): warning C4715: 'Menu::Run' : not all control paths return a value
     1>c:\users\decland\desktop\titanwars\titanwars\endgame.h(207): warning C4715: 'EndGame::Run' : not all control paths return a value
     1>c:\users\decland\desktop\titanwars\titanwars\game.h(360): warning C4715: 'Game::Run' : not all control paths return a value
         Finished generating code
         TitanWars.vcxproj -> C:\Users\Decland\Desktop\TitanWars\Release\TitanWars.exe
     1>Done Building Project "C:\Users\Decland\Desktop\TitanWars\TitanWars\TitanWars.vcxproj" (Build target(s)).

Build succeeded.

Time Elapsed 00:00:12.22
